2025-02-27 11:31:24,246 [INFO] пїЅпїЅпїЅпїЅпїЅпїЅ пїЅпїЅпїЅпїЅпїЅпїЅпїЅпїЅпїЅпїЅ
2025-02-27 11:31:24,248 [INFO] пїЅпїЅпїЅпїЅпїЅпїЅ пїЅпїЅпїЅпїЅпїЅпїЅпїЅпїЅ. пїЅпїЅпїЅпїЅпїЅпїЅпїЅпїЅпїЅ пїЅпїЅпїЅпїЅпїЅ: 2025-02-27T08:31:24Z
2025-02-27 11:31:24,249 [INFO] Websocket connected
2025-02-27 11:31:24,249 [INFO] WebSocket пїЅпїЅпїЅпїЅпїЅпїЅпїЅпїЅпїЅпїЅ пїЅпїЅпїЅпїЅпїЅпїЅпїЅпїЅпїЅпїЅпїЅ
2025-02-27 11:31:24,483 [INFO] пїЅпїЅпїЅпїЅпїЅпїЅпїЅ пїЅпїЅпїЅпїЅпїЅпїЅпїЅпїЅпїЅ IP: 95.220.82.198
2025-02-27 11:31:24,484 [INFO] пїЅпїЅпїЅпїЅпїЅпїЅпїЅпїЅ пїЅпїЅпїЅпїЅпїЅпїЅпїЅ: id:client-1
2025-02-27 11:31:39,750 [INFO] пїЅпїЅпїЅпїЅпїЅпїЅпїЅпїЅ пїЅпїЅпїЅпїЅпїЅпїЅпїЅ: metrics
2025-02-27 11:31:39,960 [INFO] пїЅпїЅпїЅпїЅпїЅпїЅпїЅ пїЅпїЅпїЅпїЅпїЅпїЅпїЅпїЅпїЅпїЅ пїЅпїЅ пїЅпїЅпїЅпїЅпїЅпїЅ
2025-02-27 11:32:15,367 [ERROR] WebSocket пїЅпїЅпїЅпїЅпїЅпїЅ: [WinError 10054] пїЅпїЅпїЅпїЅпїЅпїЅпїЅпїЅпїЅ пїЅпїЅпїЅпїЅ пїЅпїЅпїЅпїЅпїЅпїЅпїЅпїЅпїЅпїЅпїЅпїЅпїЅ пїЅпїЅпїЅпїЅпїЅпїЅпїЅпїЅ пїЅпїЅпїЅпїЅпїЅпїЅпїЅпїЅпїЅпїЅпїЅпїЅ пїЅпїЅпїЅпїЅпїЅпїЅпїЅпїЅпїЅпїЅпїЅ
2025-02-27 11:32:15,369 [ERROR] [WinError 10054] пїЅпїЅпїЅпїЅпїЅпїЅпїЅпїЅпїЅ пїЅпїЅпїЅпїЅ пїЅпїЅпїЅпїЅпїЅпїЅпїЅпїЅпїЅпїЅпїЅпїЅпїЅ пїЅпїЅпїЅпїЅпїЅпїЅпїЅпїЅ пїЅпїЅпїЅпїЅпїЅпїЅпїЅпїЅпїЅпїЅпїЅпїЅ пїЅпїЅпїЅпїЅпїЅпїЅпїЅпїЅпїЅпїЅпїЅ - goodbye
2025-02-27 11:32:15,373 [INFO] WebSocket пїЅпїЅпїЅпїЅпїЅпїЅпїЅпїЅпїЅпїЅ пїЅпїЅпїЅпїЅпїЅпїЅпїЅ
2025-02-27 11:34:26,509 [INFO] пїЅпїЅпїЅпїЅпїЅпїЅ пїЅпїЅпїЅпїЅпїЅпїЅпїЅпїЅпїЅпїЅ
2025-02-27 11:34:26,528 [INFO] пїЅпїЅпїЅпїЅпїЅпїЅ пїЅпїЅпїЅпїЅпїЅпїЅпїЅпїЅ. пїЅпїЅпїЅпїЅпїЅпїЅпїЅпїЅпїЅ пїЅпїЅпїЅпїЅпїЅ: 2025-02-27T08:34:26Z
2025-02-27 11:34:26,530 [INFO] Websocket connected
2025-02-27 11:34:26,530 [INFO] WebSocket пїЅпїЅпїЅпїЅпїЅпїЅпїЅпїЅпїЅпїЅ пїЅпїЅпїЅпїЅпїЅпїЅпїЅпїЅпїЅпїЅпїЅ
2025-02-27 11:34:26,780 [INFO] пїЅпїЅпїЅпїЅпїЅпїЅпїЅ пїЅпїЅпїЅпїЅпїЅпїЅпїЅпїЅпїЅ IP: 95.220.82.198
2025-02-27 11:34:26,783 [INFO] пїЅпїЅпїЅпїЅпїЅпїЅпїЅпїЅ пїЅпїЅпїЅпїЅпїЅпїЅпїЅ: id:client-1
2025-02-27 11:35:03,119 [INFO] пїЅпїЅпїЅпїЅпїЅпїЅпїЅпїЅ пїЅпїЅпїЅпїЅпїЅпїЅпїЅ: metrics
2025-02-27 11:35:03,305 [INFO] пїЅпїЅпїЅпїЅпїЅпїЅпїЅ пїЅпїЅпїЅпїЅпїЅпїЅпїЅпїЅпїЅпїЅ пїЅпїЅ пїЅпїЅпїЅпїЅпїЅпїЅ
2025-02-27 11:37:55,807 [ERROR] WebSocket пїЅпїЅпїЅпїЅпїЅпїЅ: [WinError 10054] пїЅпїЅпїЅпїЅпїЅпїЅпїЅпїЅпїЅ пїЅпїЅпїЅпїЅ пїЅпїЅпїЅпїЅпїЅпїЅпїЅпїЅпїЅпїЅпїЅпїЅпїЅ пїЅпїЅпїЅпїЅпїЅпїЅпїЅпїЅ пїЅпїЅпїЅпїЅпїЅпїЅпїЅпїЅпїЅпїЅпїЅпїЅ пїЅпїЅпїЅпїЅпїЅпїЅпїЅпїЅпїЅпїЅпїЅ
2025-02-27 11:37:55,808 [ERROR] [WinError 10054] пїЅпїЅпїЅпїЅпїЅпїЅпїЅпїЅпїЅ пїЅпїЅпїЅпїЅ пїЅпїЅпїЅпїЅпїЅпїЅпїЅпїЅпїЅпїЅпїЅпїЅпїЅ пїЅпїЅпїЅпїЅпїЅпїЅпїЅпїЅ пїЅпїЅпїЅпїЅпїЅпїЅпїЅпїЅпїЅпїЅпїЅпїЅ пїЅпїЅпїЅпїЅпїЅпїЅпїЅпїЅпїЅпїЅпїЅ - goodbye
2025-02-27 11:37:55,808 [INFO] WebSocket пїЅпїЅпїЅпїЅпїЅпїЅпїЅпїЅпїЅпїЅ пїЅпїЅпїЅпїЅпїЅпїЅпїЅ
2025-02-27 11:38:00,415 [INFO] пїЅпїЅпїЅпїЅпїЅпїЅ пїЅпїЅпїЅпїЅпїЅпїЅпїЅпїЅпїЅпїЅ
2025-02-27 11:38:00,441 [INFO] пїЅпїЅпїЅпїЅпїЅпїЅ пїЅпїЅпїЅпїЅпїЅпїЅпїЅпїЅ. пїЅпїЅпїЅпїЅпїЅпїЅпїЅпїЅпїЅ пїЅпїЅпїЅпїЅпїЅ: 2025-02-27T08:38:00Z
2025-02-27 11:38:00,442 [INFO] Websocket connected
2025-02-27 11:38:00,442 [INFO] WebSocket пїЅпїЅпїЅпїЅпїЅпїЅпїЅпїЅпїЅпїЅ пїЅпїЅпїЅпїЅпїЅпїЅпїЅпїЅпїЅпїЅпїЅ
2025-02-27 11:38:00,706 [INFO] пїЅпїЅпїЅпїЅпїЅпїЅпїЅ пїЅпїЅпїЅпїЅпїЅпїЅпїЅпїЅпїЅ IP: 95.220.82.198
2025-02-27 11:38:00,708 [INFO] пїЅпїЅпїЅпїЅпїЅпїЅпїЅпїЅ пїЅпїЅпїЅпїЅпїЅпїЅпїЅ: id:client-1
2025-02-27 11:38:06,931 [INFO] пїЅпїЅпїЅпїЅпїЅпїЅпїЅпїЅ пїЅпїЅпїЅпїЅпїЅпїЅпїЅ: metrics
2025-02-27 11:38:07,127 [INFO] пїЅпїЅпїЅпїЅпїЅпїЅпїЅ пїЅпїЅпїЅпїЅпїЅпїЅпїЅпїЅпїЅпїЅ пїЅпїЅ пїЅпїЅпїЅпїЅпїЅпїЅ
2025-02-27 11:38:59,413 [ERROR] WebSocket пїЅпїЅпїЅпїЅпїЅпїЅ: [WinError 10054] пїЅпїЅпїЅпїЅпїЅпїЅпїЅпїЅпїЅ пїЅпїЅпїЅпїЅ пїЅпїЅпїЅпїЅпїЅпїЅпїЅпїЅпїЅпїЅпїЅпїЅпїЅ пїЅпїЅпїЅпїЅпїЅпїЅпїЅпїЅ пїЅпїЅпїЅпїЅпїЅпїЅпїЅпїЅпїЅпїЅпїЅпїЅ пїЅпїЅпїЅпїЅпїЅпїЅпїЅпїЅпїЅпїЅпїЅ
2025-02-27 11:38:59,413 [ERROR] [WinError 10054] пїЅпїЅпїЅпїЅпїЅпїЅпїЅпїЅпїЅ пїЅпїЅпїЅпїЅ пїЅпїЅпїЅпїЅпїЅпїЅпїЅпїЅпїЅпїЅпїЅпїЅпїЅ пїЅпїЅпїЅпїЅпїЅпїЅпїЅпїЅ пїЅпїЅпїЅпїЅпїЅпїЅпїЅпїЅпїЅпїЅпїЅпїЅ пїЅпїЅпїЅпїЅпїЅпїЅпїЅпїЅпїЅпїЅпїЅ - goodbye
2025-02-27 11:38:59,414 [INFO] WebSocket пїЅпїЅпїЅпїЅпїЅпїЅпїЅпїЅпїЅпїЅ пїЅпїЅпїЅпїЅпїЅпїЅпїЅ
2025-02-27 11:39:02,949 [INFO] пїЅпїЅпїЅпїЅпїЅпїЅ пїЅпїЅпїЅпїЅпїЅпїЅпїЅпїЅпїЅпїЅ
2025-02-27 11:39:02,951 [INFO] пїЅпїЅпїЅпїЅпїЅпїЅ пїЅпїЅпїЅпїЅпїЅпїЅпїЅпїЅ. пїЅпїЅпїЅпїЅпїЅпїЅпїЅпїЅпїЅ пїЅпїЅпїЅпїЅпїЅ: 2025-02-27T08:39:02Z
2025-02-27 11:39:02,952 [INFO] Websocket connected
2025-02-27 11:39:02,952 [INFO] WebSocket пїЅпїЅпїЅпїЅпїЅпїЅпїЅпїЅпїЅпїЅ пїЅпїЅпїЅпїЅпїЅпїЅпїЅпїЅпїЅпїЅпїЅ
2025-02-27 11:39:03,166 [INFO] пїЅпїЅпїЅпїЅпїЅпїЅпїЅ пїЅпїЅпїЅпїЅпїЅпїЅпїЅпїЅпїЅ IP: 95.220.82.198
2025-02-27 11:39:03,167 [INFO] пїЅпїЅпїЅпїЅпїЅпїЅпїЅпїЅ пїЅпїЅпїЅпїЅпїЅпїЅпїЅ: id:client-1
2025-02-27 11:39:08,592 [INFO] пїЅпїЅпїЅпїЅпїЅпїЅпїЅпїЅ пїЅпїЅпїЅпїЅпїЅпїЅпїЅ: metrics
2025-02-27 11:39:08,773 [INFO] пїЅпїЅпїЅпїЅпїЅпїЅпїЅ пїЅпїЅпїЅпїЅпїЅпїЅпїЅпїЅпїЅпїЅ пїЅпїЅ пїЅпїЅпїЅпїЅпїЅпїЅ
2025-02-27 11:40:16,710 [ERROR] WebSocket пїЅпїЅпїЅпїЅпїЅпїЅ: [WinError 10054] пїЅпїЅпїЅпїЅпїЅпїЅпїЅпїЅпїЅ пїЅпїЅпїЅпїЅ пїЅпїЅпїЅпїЅпїЅпїЅпїЅпїЅпїЅпїЅпїЅпїЅпїЅ пїЅпїЅпїЅпїЅпїЅпїЅпїЅпїЅ пїЅпїЅпїЅпїЅпїЅпїЅпїЅпїЅпїЅпїЅпїЅпїЅ пїЅпїЅпїЅпїЅпїЅпїЅпїЅпїЅпїЅпїЅпїЅ
2025-02-27 11:40:16,711 [ERROR] [WinError 10054] пїЅпїЅпїЅпїЅпїЅпїЅпїЅпїЅпїЅ пїЅпїЅпїЅпїЅ пїЅпїЅпїЅпїЅпїЅпїЅпїЅпїЅпїЅпїЅпїЅпїЅпїЅ пїЅпїЅпїЅпїЅпїЅпїЅпїЅпїЅ пїЅпїЅпїЅпїЅпїЅпїЅпїЅпїЅпїЅпїЅпїЅпїЅ пїЅпїЅпїЅпїЅпїЅпїЅпїЅпїЅпїЅпїЅпїЅ - goodbye
2025-02-27 11:40:16,711 [INFO] WebSocket пїЅпїЅпїЅпїЅпїЅпїЅпїЅпїЅпїЅпїЅ пїЅпїЅпїЅпїЅпїЅпїЅпїЅ
2025-02-27 11:40:20,267 [INFO] пїЅпїЅпїЅпїЅпїЅпїЅ пїЅпїЅпїЅпїЅпїЅпїЅпїЅпїЅпїЅпїЅ
2025-02-27 11:40:20,269 [INFO] пїЅпїЅпїЅпїЅпїЅпїЅ пїЅпїЅпїЅпїЅпїЅпїЅпїЅпїЅ. пїЅпїЅпїЅпїЅпїЅпїЅпїЅпїЅпїЅ пїЅпїЅпїЅпїЅпїЅ: 2025-02-27T08:40:20Z
2025-02-27 11:40:20,270 [INFO] Websocket connected
2025-02-27 11:40:20,270 [INFO] WebSocket пїЅпїЅпїЅпїЅпїЅпїЅпїЅпїЅпїЅпїЅ пїЅпїЅпїЅпїЅпїЅпїЅпїЅпїЅпїЅпїЅпїЅ
2025-02-27 11:40:20,514 [INFO] пїЅпїЅпїЅпїЅпїЅпїЅпїЅ пїЅпїЅпїЅпїЅпїЅпїЅпїЅпїЅпїЅ IP: 95.220.82.198
2025-02-27 11:40:20,515 [INFO] пїЅпїЅпїЅпїЅпїЅпїЅпїЅпїЅ пїЅпїЅпїЅпїЅпїЅпїЅпїЅ: id:client-1
2025-02-27 11:40:26,953 [INFO] пїЅпїЅпїЅпїЅпїЅпїЅпїЅпїЅ пїЅпїЅпїЅпїЅпїЅпїЅпїЅ: metrics
2025-02-27 11:40:27,141 [INFO] пїЅпїЅпїЅпїЅпїЅпїЅпїЅ пїЅпїЅпїЅпїЅпїЅпїЅпїЅпїЅпїЅпїЅ пїЅпїЅ пїЅпїЅпїЅпїЅпїЅпїЅ
2025-02-27 11:40:59,970 [ERROR] WebSocket пїЅпїЅпїЅпїЅпїЅпїЅ: [WinError 10054] пїЅпїЅпїЅпїЅпїЅпїЅпїЅпїЅпїЅ пїЅпїЅпїЅпїЅ пїЅпїЅпїЅпїЅпїЅпїЅпїЅпїЅпїЅпїЅпїЅпїЅпїЅ пїЅпїЅпїЅпїЅпїЅпїЅпїЅпїЅ пїЅпїЅпїЅпїЅпїЅпїЅпїЅпїЅпїЅпїЅпїЅпїЅ пїЅпїЅпїЅпїЅпїЅпїЅпїЅпїЅпїЅпїЅпїЅ
2025-02-27 11:40:59,971 [ERROR] [WinError 10054] пїЅпїЅпїЅпїЅпїЅпїЅпїЅпїЅпїЅ пїЅпїЅпїЅпїЅ пїЅпїЅпїЅпїЅпїЅпїЅпїЅпїЅпїЅпїЅпїЅпїЅпїЅ пїЅпїЅпїЅпїЅпїЅпїЅпїЅпїЅ пїЅпїЅпїЅпїЅпїЅпїЅпїЅпїЅпїЅпїЅпїЅпїЅ пїЅпїЅпїЅпїЅпїЅпїЅпїЅпїЅпїЅпїЅпїЅ - goodbye
2025-02-27 11:40:59,971 [INFO] WebSocket пїЅпїЅпїЅпїЅпїЅпїЅпїЅпїЅпїЅпїЅ пїЅпїЅпїЅпїЅпїЅпїЅпїЅ
2025-02-27 11:52:50,737 [INFO] пїЅпїЅпїЅпїЅпїЅпїЅ пїЅпїЅпїЅпїЅпїЅпїЅпїЅпїЅпїЅпїЅ
2025-02-27 11:52:50,740 [INFO] пїЅпїЅпїЅпїЅпїЅпїЅ пїЅпїЅпїЅпїЅпїЅпїЅпїЅпїЅ. пїЅпїЅпїЅпїЅпїЅпїЅпїЅпїЅпїЅ пїЅпїЅпїЅпїЅпїЅ: 2025-02-27T08:52:50Z
2025-02-27 11:52:50,741 [INFO] Websocket connected
2025-02-27 11:52:50,741 [INFO] WebSocket пїЅпїЅпїЅпїЅпїЅпїЅпїЅпїЅпїЅпїЅ пїЅпїЅпїЅпїЅпїЅпїЅпїЅпїЅпїЅпїЅпїЅ
2025-02-27 11:52:50,964 [INFO] пїЅпїЅпїЅпїЅпїЅпїЅпїЅ пїЅпїЅпїЅпїЅпїЅпїЅпїЅпїЅпїЅ IP: 95.220.82.198
2025-02-27 11:52:50,965 [INFO] пїЅпїЅпїЅпїЅпїЅпїЅпїЅпїЅ пїЅпїЅпїЅпїЅпїЅпїЅпїЅ: id:client-1
2025-02-27 11:52:59,442 [INFO] пїЅпїЅпїЅпїЅпїЅпїЅпїЅпїЅ пїЅпїЅпїЅпїЅпїЅпїЅпїЅ: metrics
2025-02-27 11:52:59,653 [INFO] пїЅпїЅпїЅпїЅпїЅпїЅпїЅ пїЅпїЅпїЅпїЅпїЅпїЅпїЅпїЅпїЅпїЅ пїЅпїЅ пїЅпїЅпїЅпїЅпїЅпїЅ
2025-02-27 11:54:08,990 [INFO] пїЅпїЅпїЅпїЅпїЅпїЅпїЅпїЅ пїЅпїЅпїЅпїЅпїЅпїЅпїЅ: start
2025-02-27 11:54:08,991 [INFO] пїЅпїЅпїЅпїЅпїЅпїЅпїЅпїЅпїЅпїЅ пїЅпїЅпїЅпїЅпїЅпїЅпїЅпїЅ пїЅпїЅпїЅпїЅпїЅпїЅпїЅпїЅ пїЅпїЅпїЅпїЅпїЅпїЅпїЅ.
2025-02-27 11:54:09,907 [ERROR] пїЅпїЅпїЅпїЅпїЅпїЅ пїЅпїЅ пїЅпїЅпїЅпїЅпїЅпїЅпїЅ. пїЅпїЅпїЅпїЅпїЅпїЅпїЅ пїЅпїЅпїЅпїЅпїЅпїЅпїЅпїЅпїЅпїЅ пїЅпїЅпїЅпїЅпїЅпїЅпїЅпїЅ пїЅпїЅпїЅпїЅпїЅ 5 пїЅпїЅпїЅпїЅпїЅпїЅ.
2025-02-27 11:54:15,046 [ERROR] пїЅпїЅпїЅпїЅпїЅпїЅ пїЅпїЅ пїЅпїЅпїЅпїЅпїЅпїЅпїЅ. пїЅпїЅпїЅпїЅпїЅпїЅпїЅ пїЅпїЅпїЅпїЅпїЅпїЅпїЅпїЅпїЅпїЅ пїЅпїЅпїЅпїЅпїЅпїЅпїЅпїЅ пїЅпїЅпїЅпїЅпїЅ 5 пїЅпїЅпїЅпїЅпїЅпїЅ.
2025-02-27 11:54:16,776 [INFO] пїЅпїЅпїЅпїЅпїЅпїЅпїЅпїЅ пїЅпїЅпїЅпїЅпїЅпїЅпїЅ: stop
2025-02-27 11:54:16,777 [INFO] пїЅпїЅпїЅпїЅпїЅпїЅпїЅпїЅпїЅпїЅ пїЅпїЅпїЅпїЅпїЅпїЅпїЅпїЅпїЅпїЅпїЅ пїЅпїЅпїЅпїЅпїЅпїЅпїЅпїЅ пїЅпїЅпїЅпїЅпїЅпїЅпїЅ.
2025-02-27 11:54:18,358 [INFO] пїЅпїЅпїЅпїЅпїЅпїЅпїЅпїЅ пїЅпїЅпїЅпїЅпїЅпїЅпїЅ: screenshot
2025-02-27 11:54:18,445 [INFO] пїЅпїЅпїЅпїЅпїЅпїЅпїЅпїЅ пїЅпїЅпїЅпїЅпїЅпїЅпїЅпїЅпїЅ пїЅпїЅ пїЅпїЅпїЅпїЅпїЅпїЅ...
2025-02-27 11:54:18,447 [ERROR] пїЅпїЅпїЅпїЅпїЅпїЅ пїЅпїЅпїЅпїЅпїЅпїЅпїЅпїЅ пїЅпїЅпїЅпїЅпїЅпїЅпїЅпїЅпїЅ: 404 - 404 page not found

2025-02-27 11:54:26,207 [INFO] пїЅпїЅпїЅпїЅпїЅпїЅпїЅпїЅ пїЅпїЅпїЅпїЅпїЅпїЅпїЅ: screenshot
2025-02-27 11:54:26,290 [INFO] пїЅпїЅпїЅпїЅпїЅпїЅпїЅпїЅ пїЅпїЅпїЅпїЅпїЅпїЅпїЅпїЅпїЅ пїЅпїЅ пїЅпїЅпїЅпїЅпїЅпїЅ...
2025-02-27 11:54:26,292 [ERROR] пїЅпїЅпїЅпїЅпїЅпїЅ пїЅпїЅпїЅпїЅпїЅпїЅпїЅпїЅ пїЅпїЅпїЅпїЅпїЅпїЅпїЅпїЅпїЅ: 404 - 404 page not found

2025-02-27 11:54:38,766 [INFO] пїЅпїЅпїЅпїЅпїЅпїЅпїЅпїЅ пїЅпїЅпїЅпїЅпїЅпїЅпїЅ: screenshot
2025-02-27 11:54:38,836 [INFO] пїЅпїЅпїЅпїЅпїЅпїЅпїЅпїЅ пїЅпїЅпїЅпїЅпїЅпїЅпїЅпїЅпїЅ пїЅпїЅ пїЅпїЅпїЅпїЅпїЅпїЅ...
2025-02-27 11:54:38,838 [ERROR] пїЅпїЅпїЅпїЅпїЅпїЅ пїЅпїЅпїЅпїЅпїЅпїЅпїЅпїЅ пїЅпїЅпїЅпїЅпїЅпїЅпїЅпїЅпїЅ: 404 - 404 page not found

2025-02-27 11:57:59,724 [ERROR] WebSocket пїЅпїЅпїЅпїЅпїЅпїЅ: [WinError 10054] пїЅпїЅпїЅпїЅпїЅпїЅпїЅпїЅпїЅ пїЅпїЅпїЅпїЅ пїЅпїЅпїЅпїЅпїЅпїЅпїЅпїЅпїЅпїЅпїЅпїЅпїЅ пїЅпїЅпїЅпїЅпїЅпїЅпїЅпїЅ пїЅпїЅпїЅпїЅпїЅпїЅпїЅпїЅпїЅпїЅпїЅпїЅ пїЅпїЅпїЅпїЅпїЅпїЅпїЅпїЅпїЅпїЅпїЅ
2025-02-27 11:57:59,725 [ERROR] [WinError 10054] пїЅпїЅпїЅпїЅпїЅпїЅпїЅпїЅпїЅ пїЅпїЅпїЅпїЅ пїЅпїЅпїЅпїЅпїЅпїЅпїЅпїЅпїЅпїЅпїЅпїЅпїЅ пїЅпїЅпїЅпїЅпїЅпїЅпїЅпїЅ пїЅпїЅпїЅпїЅпїЅпїЅпїЅпїЅпїЅпїЅпїЅпїЅ пїЅпїЅпїЅпїЅпїЅпїЅпїЅпїЅпїЅпїЅпїЅ - goodbye
2025-02-27 11:57:59,726 [INFO] WebSocket пїЅпїЅпїЅпїЅпїЅпїЅпїЅпїЅпїЅпїЅ пїЅпїЅпїЅпїЅпїЅпїЅпїЅ
2025-02-27 11:58:05,164 [INFO] пїЅпїЅпїЅпїЅпїЅпїЅ пїЅпїЅпїЅпїЅпїЅпїЅпїЅпїЅпїЅпїЅ
2025-02-27 11:58:05,166 [INFO] пїЅпїЅпїЅпїЅпїЅпїЅ пїЅпїЅпїЅпїЅпїЅпїЅпїЅпїЅ. пїЅпїЅпїЅпїЅпїЅпїЅпїЅпїЅпїЅ пїЅпїЅпїЅпїЅпїЅ: 2025-02-27T08:58:05Z
2025-02-27 11:58:05,167 [INFO] Websocket connected
2025-02-27 11:58:05,167 [INFO] WebSocket пїЅпїЅпїЅпїЅпїЅпїЅпїЅпїЅпїЅпїЅ пїЅпїЅпїЅпїЅпїЅпїЅпїЅпїЅпїЅпїЅпїЅ
2025-02-27 11:58:05,366 [INFO] пїЅпїЅпїЅпїЅпїЅпїЅпїЅ пїЅпїЅпїЅпїЅпїЅпїЅпїЅпїЅпїЅ IP: 95.220.82.198
2025-02-27 11:58:05,366 [INFO] пїЅпїЅпїЅпїЅпїЅпїЅпїЅпїЅ пїЅпїЅпїЅпїЅпїЅпїЅпїЅ: id:client-1
2025-02-27 11:58:10,360 [INFO] пїЅпїЅпїЅпїЅпїЅпїЅпїЅпїЅ пїЅпїЅпїЅпїЅпїЅпїЅпїЅ: screenshot
2025-02-27 11:58:10,459 [INFO] пїЅпїЅпїЅпїЅпїЅпїЅпїЅпїЅ пїЅпїЅпїЅпїЅпїЅпїЅпїЅпїЅпїЅ пїЅпїЅ пїЅпїЅпїЅпїЅпїЅпїЅ...
2025-02-27 11:58:10,460 [ERROR] пїЅпїЅпїЅпїЅпїЅпїЅ пїЅпїЅпїЅпїЅпїЅпїЅпїЅпїЅ пїЅпїЅпїЅпїЅпїЅпїЅпїЅпїЅпїЅ: 404 - 404 page not found

2025-02-27 11:58:42,010 [ERROR] WebSocket пїЅпїЅпїЅпїЅпїЅпїЅ: [WinError 10054] пїЅпїЅпїЅпїЅпїЅпїЅпїЅпїЅпїЅ пїЅпїЅпїЅпїЅ пїЅпїЅпїЅпїЅпїЅпїЅпїЅпїЅпїЅпїЅпїЅпїЅпїЅ пїЅпїЅпїЅпїЅпїЅпїЅпїЅпїЅ пїЅпїЅпїЅпїЅпїЅпїЅпїЅпїЅпїЅпїЅпїЅпїЅ пїЅпїЅпїЅпїЅпїЅпїЅпїЅпїЅпїЅпїЅпїЅ
2025-02-27 11:58:42,010 [ERROR] [WinError 10054] пїЅпїЅпїЅпїЅпїЅпїЅпїЅпїЅпїЅ пїЅпїЅпїЅпїЅ пїЅпїЅпїЅпїЅпїЅпїЅпїЅпїЅпїЅпїЅпїЅпїЅпїЅ пїЅпїЅпїЅпїЅпїЅпїЅпїЅпїЅ пїЅпїЅпїЅпїЅпїЅпїЅпїЅпїЅпїЅпїЅпїЅпїЅ пїЅпїЅпїЅпїЅпїЅпїЅпїЅпїЅпїЅпїЅпїЅ - goodbye
2025-02-27 11:58:42,010 [INFO] WebSocket пїЅпїЅпїЅпїЅпїЅпїЅпїЅпїЅпїЅпїЅ пїЅпїЅпїЅпїЅпїЅпїЅпїЅ
2025-02-27 11:58:45,182 [INFO] пїЅпїЅпїЅпїЅпїЅпїЅ пїЅпїЅпїЅпїЅпїЅпїЅпїЅпїЅпїЅпїЅ
2025-02-27 11:58:45,184 [INFO] пїЅпїЅпїЅпїЅпїЅпїЅ пїЅпїЅпїЅпїЅпїЅпїЅпїЅпїЅ. пїЅпїЅпїЅпїЅпїЅпїЅпїЅпїЅпїЅ пїЅпїЅпїЅпїЅпїЅ: 2025-02-27T08:58:45Z
2025-02-27 11:58:45,185 [INFO] Websocket connected
2025-02-27 11:58:45,185 [INFO] WebSocket пїЅпїЅпїЅпїЅпїЅпїЅпїЅпїЅпїЅпїЅ пїЅпїЅпїЅпїЅпїЅпїЅпїЅпїЅпїЅпїЅпїЅ
2025-02-27 11:58:45,397 [INFO] пїЅпїЅпїЅпїЅпїЅпїЅпїЅ пїЅпїЅпїЅпїЅпїЅпїЅпїЅпїЅпїЅ IP: 95.220.82.198
2025-02-27 11:58:45,398 [INFO] пїЅпїЅпїЅпїЅпїЅпїЅпїЅпїЅ пїЅпїЅпїЅпїЅпїЅпїЅпїЅ: id:client-1
2025-02-27 11:58:51,041 [INFO] пїЅпїЅпїЅпїЅпїЅпїЅпїЅпїЅ пїЅпїЅпїЅпїЅпїЅпїЅпїЅ: screenshot
2025-02-27 11:58:51,135 [INFO] пїЅпїЅпїЅпїЅпїЅпїЅпїЅпїЅ пїЅпїЅпїЅпїЅпїЅпїЅпїЅпїЅпїЅ пїЅпїЅ пїЅпїЅпїЅпїЅпїЅпїЅ...
2025-02-27 11:58:51,138 [INFO] пїЅпїЅпїЅпїЅпїЅпїЅпїЅпїЅ пїЅпїЅпїЅпїЅпїЅпїЅпїЅ пїЅпїЅпїЅпїЅпїЅпїЅпїЅпїЅпїЅ.
2025-02-27 12:04:02,216 [INFO] пїЅпїЅпїЅпїЅпїЅпїЅпїЅпїЅ пїЅпїЅпїЅпїЅпїЅпїЅпїЅ: stop
2025-02-27 12:04:02,216 [INFO] пїЅпїЅпїЅпїЅпїЅпїЅпїЅпїЅпїЅпїЅ пїЅпїЅпїЅпїЅпїЅпїЅпїЅпїЅпїЅпїЅпїЅ пїЅпїЅпїЅпїЅпїЅпїЅпїЅпїЅ пїЅпїЅпїЅпїЅпїЅпїЅпїЅ.
2025-02-27 12:04:03,963 [INFO] пїЅпїЅпїЅпїЅпїЅпїЅпїЅпїЅ пїЅпїЅпїЅпїЅпїЅпїЅпїЅ: screenshot
2025-02-27 12:04:04,056 [INFO] пїЅпїЅпїЅпїЅпїЅпїЅпїЅпїЅ пїЅпїЅпїЅпїЅпїЅпїЅпїЅпїЅпїЅ пїЅпїЅ пїЅпїЅпїЅпїЅпїЅпїЅ...
2025-02-27 12:04:04,060 [INFO] пїЅпїЅпїЅпїЅпїЅпїЅпїЅпїЅ пїЅпїЅпїЅпїЅпїЅпїЅпїЅ пїЅпїЅпїЅпїЅпїЅпїЅпїЅпїЅпїЅ.
2025-02-27 12:04:10,421 [INFO] пїЅпїЅпїЅпїЅпїЅпїЅпїЅпїЅ пїЅпїЅпїЅпїЅпїЅпїЅпїЅ: screenshot
2025-02-27 12:04:10,521 [INFO] пїЅпїЅпїЅпїЅпїЅпїЅпїЅпїЅ пїЅпїЅпїЅпїЅпїЅпїЅпїЅпїЅпїЅ пїЅпїЅ пїЅпїЅпїЅпїЅпїЅпїЅ...
2025-02-27 12:04:10,525 [INFO] пїЅпїЅпїЅпїЅпїЅпїЅпїЅпїЅ пїЅпїЅпїЅпїЅпїЅпїЅпїЅ пїЅпїЅпїЅпїЅпїЅпїЅпїЅпїЅпїЅ.
2025-02-27 12:04:54,042 [ERROR] WebSocket пїЅпїЅпїЅпїЅпїЅпїЅ: [WinError 10054] пїЅпїЅпїЅпїЅпїЅпїЅпїЅпїЅпїЅ пїЅпїЅпїЅпїЅ пїЅпїЅпїЅпїЅпїЅпїЅпїЅпїЅпїЅпїЅпїЅпїЅпїЅ пїЅпїЅпїЅпїЅпїЅпїЅпїЅпїЅ пїЅпїЅпїЅпїЅпїЅпїЅпїЅпїЅпїЅпїЅпїЅпїЅ пїЅпїЅпїЅпїЅпїЅпїЅпїЅпїЅпїЅпїЅпїЅ
2025-02-27 12:04:54,044 [ERROR] [WinError 10054] пїЅпїЅпїЅпїЅпїЅпїЅпїЅпїЅпїЅ пїЅпїЅпїЅпїЅ пїЅпїЅпїЅпїЅпїЅпїЅпїЅпїЅпїЅпїЅпїЅпїЅпїЅ пїЅпїЅпїЅпїЅпїЅпїЅпїЅпїЅ пїЅпїЅпїЅпїЅпїЅпїЅпїЅпїЅпїЅпїЅпїЅпїЅ пїЅпїЅпїЅпїЅпїЅпїЅпїЅпїЅпїЅпїЅпїЅ - goodbye
2025-02-27 12:04:54,045 [INFO] WebSocket пїЅпїЅпїЅпїЅпїЅпїЅпїЅпїЅпїЅпїЅ пїЅпїЅпїЅпїЅпїЅпїЅпїЅ
2025-02-27 12:04:58,038 [INFO] пїЅпїЅпїЅпїЅпїЅпїЅ пїЅпїЅпїЅпїЅпїЅпїЅпїЅпїЅпїЅпїЅ
2025-02-27 12:04:58,040 [INFO] пїЅпїЅпїЅпїЅпїЅпїЅ пїЅпїЅпїЅпїЅпїЅпїЅпїЅпїЅ. пїЅпїЅпїЅпїЅпїЅпїЅпїЅпїЅпїЅ пїЅпїЅпїЅпїЅпїЅ: 2025-02-27T09:04:58Z
2025-02-27 12:04:58,041 [INFO] Websocket connected
2025-02-27 12:04:58,041 [INFO] WebSocket пїЅпїЅпїЅпїЅпїЅпїЅпїЅпїЅпїЅпїЅ пїЅпїЅпїЅпїЅпїЅпїЅпїЅпїЅпїЅпїЅпїЅ
2025-02-27 12:04:58,288 [INFO] пїЅпїЅпїЅпїЅпїЅпїЅпїЅ пїЅпїЅпїЅпїЅпїЅпїЅпїЅпїЅпїЅ IP: 95.220.82.198
2025-02-27 12:04:58,288 [INFO] пїЅпїЅпїЅпїЅпїЅпїЅпїЅпїЅ пїЅпїЅпїЅпїЅпїЅпїЅпїЅ: id:client-1
2025-02-27 12:05:02,104 [INFO] пїЅпїЅпїЅпїЅпїЅпїЅпїЅпїЅ пїЅпїЅпїЅпїЅпїЅпїЅпїЅ: screenshot
2025-02-27 12:05:02,210 [INFO] пїЅпїЅпїЅпїЅпїЅпїЅпїЅпїЅ пїЅпїЅпїЅпїЅпїЅпїЅпїЅпїЅпїЅ пїЅпїЅ пїЅпїЅпїЅпїЅпїЅпїЅ...
2025-02-27 12:05:02,216 [INFO] пїЅпїЅпїЅпїЅпїЅпїЅпїЅпїЅ пїЅпїЅпїЅпїЅпїЅпїЅпїЅ пїЅпїЅпїЅпїЅпїЅпїЅпїЅпїЅпїЅ.
2025-02-27 12:06:38,053 [ERROR] WebSocket пїЅпїЅпїЅпїЅпїЅпїЅ: [WinError 10054] пїЅпїЅпїЅпїЅпїЅпїЅпїЅпїЅпїЅ пїЅпїЅпїЅпїЅ пїЅпїЅпїЅпїЅпїЅпїЅпїЅпїЅпїЅпїЅпїЅпїЅпїЅ пїЅпїЅпїЅпїЅпїЅпїЅпїЅпїЅ пїЅпїЅпїЅпїЅпїЅпїЅпїЅпїЅпїЅпїЅпїЅпїЅ пїЅпїЅпїЅпїЅпїЅпїЅпїЅпїЅпїЅпїЅпїЅ
2025-02-27 12:06:38,054 [ERROR] [WinError 10054] пїЅпїЅпїЅпїЅпїЅпїЅпїЅпїЅпїЅ пїЅпїЅпїЅпїЅ пїЅпїЅпїЅпїЅпїЅпїЅпїЅпїЅпїЅпїЅпїЅпїЅпїЅ пїЅпїЅпїЅпїЅпїЅпїЅпїЅпїЅ пїЅпїЅпїЅпїЅпїЅпїЅпїЅпїЅпїЅпїЅпїЅпїЅ пїЅпїЅпїЅпїЅпїЅпїЅпїЅпїЅпїЅпїЅпїЅ - goodbye
2025-02-27 12:06:38,055 [INFO] WebSocket пїЅпїЅпїЅпїЅпїЅпїЅпїЅпїЅпїЅпїЅ пїЅпїЅпїЅпїЅпїЅпїЅпїЅ
2025-02-27 12:06:42,576 [INFO] пїЅпїЅпїЅпїЅпїЅпїЅ пїЅпїЅпїЅпїЅпїЅпїЅпїЅпїЅпїЅпїЅ
2025-02-27 12:06:42,578 [INFO] пїЅпїЅпїЅпїЅпїЅпїЅ пїЅпїЅпїЅпїЅпїЅпїЅпїЅпїЅ. пїЅпїЅпїЅпїЅпїЅпїЅпїЅпїЅпїЅ пїЅпїЅпїЅпїЅпїЅ: 2025-02-27T09:06:42Z
2025-02-27 12:06:42,579 [INFO] Websocket connected
2025-02-27 12:06:42,579 [INFO] WebSocket пїЅпїЅпїЅпїЅпїЅпїЅпїЅпїЅпїЅпїЅ пїЅпїЅпїЅпїЅпїЅпїЅпїЅпїЅпїЅпїЅпїЅ
2025-02-27 12:06:42,831 [INFO] пїЅпїЅпїЅпїЅпїЅпїЅпїЅ пїЅпїЅпїЅпїЅпїЅпїЅпїЅпїЅпїЅ IP: 95.220.82.198
2025-02-27 12:06:42,832 [INFO] пїЅпїЅпїЅпїЅпїЅпїЅпїЅпїЅ пїЅпїЅпїЅпїЅпїЅпїЅпїЅ: id:client-1
2025-02-27 12:06:50,899 [INFO] пїЅпїЅпїЅпїЅпїЅпїЅпїЅпїЅ пїЅпїЅпїЅпїЅпїЅпїЅпїЅ: screenshot
2025-02-27 12:06:51,007 [INFO] пїЅпїЅпїЅпїЅпїЅпїЅпїЅпїЅ пїЅпїЅпїЅпїЅпїЅпїЅпїЅпїЅпїЅ пїЅпїЅ пїЅпїЅпїЅпїЅпїЅпїЅ...
2025-02-27 12:06:51,010 [INFO] пїЅпїЅпїЅпїЅпїЅпїЅпїЅпїЅ пїЅпїЅпїЅпїЅпїЅпїЅпїЅ пїЅпїЅпїЅпїЅпїЅпїЅпїЅпїЅпїЅ.
2025-02-27 12:07:17,344 [ERROR] WebSocket пїЅпїЅпїЅпїЅпїЅпїЅ: [WinError 10054] пїЅпїЅпїЅпїЅпїЅпїЅпїЅпїЅпїЅ пїЅпїЅпїЅпїЅ пїЅпїЅпїЅпїЅпїЅпїЅпїЅпїЅпїЅпїЅпїЅпїЅпїЅ пїЅпїЅпїЅпїЅпїЅпїЅпїЅпїЅ пїЅпїЅпїЅпїЅпїЅпїЅпїЅпїЅпїЅпїЅпїЅпїЅ пїЅпїЅпїЅпїЅпїЅпїЅпїЅпїЅпїЅпїЅпїЅ
2025-02-27 12:07:17,345 [ERROR] [WinError 10054] пїЅпїЅпїЅпїЅпїЅпїЅпїЅпїЅпїЅ пїЅпїЅпїЅпїЅ пїЅпїЅпїЅпїЅпїЅпїЅпїЅпїЅпїЅпїЅпїЅпїЅпїЅ пїЅпїЅпїЅпїЅпїЅпїЅпїЅпїЅ пїЅпїЅпїЅпїЅпїЅпїЅпїЅпїЅпїЅпїЅпїЅпїЅ пїЅпїЅпїЅпїЅпїЅпїЅпїЅпїЅпїЅпїЅпїЅ - goodbye
2025-02-27 12:07:17,346 [INFO] WebSocket пїЅпїЅпїЅпїЅпїЅпїЅпїЅпїЅпїЅпїЅ пїЅпїЅпїЅпїЅпїЅпїЅпїЅ
2025-02-27 12:07:20,353 [INFO] пїЅпїЅпїЅпїЅпїЅпїЅ пїЅпїЅпїЅпїЅпїЅпїЅпїЅпїЅпїЅпїЅ
2025-02-27 12:07:20,369 [INFO] пїЅпїЅпїЅпїЅпїЅпїЅ пїЅпїЅпїЅпїЅпїЅпїЅпїЅпїЅ. пїЅпїЅпїЅпїЅпїЅпїЅпїЅпїЅпїЅ пїЅпїЅпїЅпїЅпїЅ: 2025-02-27T09:07:20Z
2025-02-27 12:07:20,371 [INFO] Websocket connected
2025-02-27 12:07:20,371 [INFO] WebSocket пїЅпїЅпїЅпїЅпїЅпїЅпїЅпїЅпїЅпїЅ пїЅпїЅпїЅпїЅпїЅпїЅпїЅпїЅпїЅпїЅпїЅ
2025-02-27 12:07:20,614 [INFO] пїЅпїЅпїЅпїЅпїЅпїЅпїЅ пїЅпїЅпїЅпїЅпїЅпїЅпїЅпїЅпїЅ IP: 95.220.82.198
2025-02-27 12:07:20,614 [INFO] пїЅпїЅпїЅпїЅпїЅпїЅпїЅпїЅ пїЅпїЅпїЅпїЅпїЅпїЅпїЅ: id:client-1
2025-02-27 12:07:25,774 [INFO] пїЅпїЅпїЅпїЅпїЅпїЅпїЅпїЅ пїЅпїЅпїЅпїЅпїЅпїЅпїЅ: screenshot
2025-02-27 12:07:25,871 [INFO] пїЅпїЅпїЅпїЅпїЅпїЅпїЅпїЅ пїЅпїЅпїЅпїЅпїЅпїЅпїЅпїЅпїЅ пїЅпїЅ пїЅпїЅпїЅпїЅпїЅпїЅ...
2025-02-27 12:07:25,874 [INFO] пїЅпїЅпїЅпїЅпїЅпїЅпїЅпїЅ пїЅпїЅпїЅпїЅпїЅпїЅпїЅ пїЅпїЅпїЅпїЅпїЅпїЅпїЅпїЅпїЅ.
2025-02-27 12:07:48,763 [ERROR] WebSocket пїЅпїЅпїЅпїЅпїЅпїЅ: [WinError 10054] пїЅпїЅпїЅпїЅпїЅпїЅпїЅпїЅпїЅ пїЅпїЅпїЅпїЅ пїЅпїЅпїЅпїЅпїЅпїЅпїЅпїЅпїЅпїЅпїЅпїЅпїЅ пїЅпїЅпїЅпїЅпїЅпїЅпїЅпїЅ пїЅпїЅпїЅпїЅпїЅпїЅпїЅпїЅпїЅпїЅпїЅпїЅ пїЅпїЅпїЅпїЅпїЅпїЅпїЅпїЅпїЅпїЅпїЅ
2025-02-27 12:07:48,764 [ERROR] [WinError 10054] пїЅпїЅпїЅпїЅпїЅпїЅпїЅпїЅпїЅ пїЅпїЅпїЅпїЅ пїЅпїЅпїЅпїЅпїЅпїЅпїЅпїЅпїЅпїЅпїЅпїЅпїЅ пїЅпїЅпїЅпїЅпїЅпїЅпїЅпїЅ пїЅпїЅпїЅпїЅпїЅпїЅпїЅпїЅпїЅпїЅпїЅпїЅ пїЅпїЅпїЅпїЅпїЅпїЅпїЅпїЅпїЅпїЅпїЅ - goodbye
2025-02-27 12:07:48,764 [INFO] WebSocket пїЅпїЅпїЅпїЅпїЅпїЅпїЅпїЅпїЅпїЅ пїЅпїЅпїЅпїЅпїЅпїЅпїЅ
2025-02-27 12:07:53,296 [INFO] пїЅпїЅпїЅпїЅпїЅпїЅ пїЅпїЅпїЅпїЅпїЅпїЅпїЅпїЅпїЅпїЅ
2025-02-27 12:07:53,298 [INFO] пїЅпїЅпїЅпїЅпїЅпїЅ пїЅпїЅпїЅпїЅпїЅпїЅпїЅпїЅ. пїЅпїЅпїЅпїЅпїЅпїЅпїЅпїЅпїЅ пїЅпїЅпїЅпїЅпїЅ: 2025-02-27T09:07:53Z
2025-02-27 12:07:53,299 [INFO] Websocket connected
2025-02-27 12:07:53,299 [INFO] WebSocket пїЅпїЅпїЅпїЅпїЅпїЅпїЅпїЅпїЅпїЅ пїЅпїЅпїЅпїЅпїЅпїЅпїЅпїЅпїЅпїЅпїЅ
2025-02-27 12:07:53,512 [INFO] пїЅпїЅпїЅпїЅпїЅпїЅпїЅ пїЅпїЅпїЅпїЅпїЅпїЅпїЅпїЅпїЅ IP: 95.220.82.198
2025-02-27 12:07:53,513 [INFO] пїЅпїЅпїЅпїЅпїЅпїЅпїЅпїЅ пїЅпїЅпїЅпїЅпїЅпїЅпїЅ: id:client-1
2025-02-27 12:07:56,313 [INFO] пїЅпїЅпїЅпїЅпїЅпїЅпїЅпїЅ пїЅпїЅпїЅпїЅпїЅпїЅпїЅ: screenshot
2025-02-27 12:07:56,413 [INFO] пїЅпїЅпїЅпїЅпїЅпїЅпїЅпїЅ пїЅпїЅпїЅпїЅпїЅпїЅпїЅпїЅпїЅ пїЅпїЅ пїЅпїЅпїЅпїЅпїЅпїЅ...
2025-02-27 12:07:56,417 [INFO] пїЅпїЅпїЅпїЅпїЅпїЅпїЅпїЅ пїЅпїЅпїЅпїЅпїЅпїЅпїЅ пїЅпїЅпїЅпїЅпїЅпїЅпїЅпїЅпїЅ.
2025-02-27 12:08:48,986 [ERROR] WebSocket пїЅпїЅпїЅпїЅпїЅпїЅ: [WinError 10054] пїЅпїЅпїЅпїЅпїЅпїЅпїЅпїЅпїЅ пїЅпїЅпїЅпїЅ пїЅпїЅпїЅпїЅпїЅпїЅпїЅпїЅпїЅпїЅпїЅпїЅпїЅ пїЅпїЅпїЅпїЅпїЅпїЅпїЅпїЅ пїЅпїЅпїЅпїЅпїЅпїЅпїЅпїЅпїЅпїЅпїЅпїЅ пїЅпїЅпїЅпїЅпїЅпїЅпїЅпїЅпїЅпїЅпїЅ
2025-02-27 12:08:48,987 [ERROR] [WinError 10054] пїЅпїЅпїЅпїЅпїЅпїЅпїЅпїЅпїЅ пїЅпїЅпїЅпїЅ пїЅпїЅпїЅпїЅпїЅпїЅпїЅпїЅпїЅпїЅпїЅпїЅпїЅ пїЅпїЅпїЅпїЅпїЅпїЅпїЅпїЅ пїЅпїЅпїЅпїЅпїЅпїЅпїЅпїЅпїЅпїЅпїЅпїЅ пїЅпїЅпїЅпїЅпїЅпїЅпїЅпїЅпїЅпїЅпїЅ - goodbye
2025-02-27 12:08:48,987 [INFO] WebSocket пїЅпїЅпїЅпїЅпїЅпїЅпїЅпїЅпїЅпїЅ пїЅпїЅпїЅпїЅпїЅпїЅпїЅ
2025-02-27 13:56:46,442 [INFO] Клиент запустился
2025-02-27 13:56:46,444 [INFO] Сервер доступен. Серверное время: 2025-02-27T10:56:46Z
2025-02-27 13:56:46,445 [INFO] Websocket connected
2025-02-27 13:56:46,446 [INFO] WebSocket соединение установлено
2025-02-27 13:56:46,918 [INFO] Получен публичный IP: 185.153.55.22
2025-02-27 13:56:46,918 [INFO] Получена команда: id:client-1
2025-02-27 13:56:56,962 [INFO] Получена команда: vpn_create
2025-02-27 13:56:56,962 [INFO] Создание VPN подключения по команде сервера.
2025-02-27 13:56:57,809 [INFO] VPN connection created successfully: 

Name                  : MyVPN
ServerAddress         : vpn.example.com
AllUserConnection     : False
Guid                  : {3D279611-5026-430F-AB4A-8FBA40AF950F}
TunnelType            : L2tp
AuthenticationMethod  : {MsChapv2}
EncryptionLevel       : Optional
L2tpIPsecAuth         : Certificate
UseWinlogonCredential : False
EapConfigXmlStream    : 
ConnectionStatus      : Disconnected
RememberCredential    : False
SplitTunneling        : False
DnsSuffix             : 
IdleDisconnectSeconds : 0




2025-02-27 15:39:17,384 [INFO] Клиент запустился
2025-02-27 15:39:17,410 [INFO] Сервер доступен. Серверное время: 2025-02-27T12:39:17Z
2025-02-27 15:39:17,411 [INFO] Websocket connected
2025-02-27 15:39:17,411 [INFO] WebSocket соединение установлено
2025-02-27 15:39:17,716 [INFO] Получен публичный IP: 95.220.82.198
2025-02-27 15:39:17,716 [INFO] Получена команда: id:client-1
2025-02-27 15:39:24,638 [INFO] Получена команда: usb_on
2025-02-27 15:39:24,638 [INFO] проверка запущен ли клиент от администратора <function is_admin at 0x0000020D3D46B2E0>
2025-02-27 15:39:24,638 [INFO] Запрос на включение USB портов.
2025-02-27 15:39:52,688 [INFO] Клиент запустился
2025-02-27 15:39:52,690 [INFO] Сервер доступен. Серверное время: 2025-02-27T12:39:52Z
2025-02-27 15:39:52,691 [INFO] Websocket connected
2025-02-27 15:39:52,691 [INFO] WebSocket соединение установлено
2025-02-27 15:39:53,046 [INFO] Получен публичный IP: 95.220.82.198
2025-02-27 15:39:53,046 [INFO] Получена команда: id:client-2
2025-02-27 15:40:05,634 [INFO] Получена команда: usb_on
2025-02-27 15:40:05,635 [INFO] проверка запущен ли клиент от администратора 0
2025-02-27 15:40:05,635 [INFO] Запрос на включение USB портов.
2025-02-27 15:41:33,894 [ERROR] WebSocket ошибка: [WinError 10054] Удаленный хост принудительно разорвал существующее подключение
2025-02-27 15:41:33,894 [ERROR] WebSocket ошибка: [WinError 10054] Удаленный хост принудительно разорвал существующее подключение
2025-02-27 15:41:33,894 [ERROR] [WinError 10054] Удаленный хост принудительно разорвал существующее подключение - goodbye
2025-02-27 15:41:33,895 [ERROR] [WinError 10054] Удаленный хост принудительно разорвал существующее подключение - goodbye
2025-02-27 15:41:33,895 [INFO] WebSocket соединение закрыто
2025-02-27 15:41:33,895 [INFO] WebSocket соединение закрыто
2025-02-27 15:41:40,948 [ERROR] WebSocket ошибка: [WinError 10061] Подключение не установлено, т.к. конечный компьютер отверг запрос на подключение
2025-02-27 15:41:40,950 [ERROR] [WinError 10061] Подключение не установлено, т.к. конечный компьютер отверг запрос на подключение - goodbye
2025-02-27 15:41:40,951 [ERROR] [WinError 10061] Подключение не установлено, т.к. конечный компьютер отверг запрос на подключение - goodbye
2025-02-27 15:41:40,952 [INFO] WebSocket соединение закрыто
2025-02-27 15:41:40,953 [INFO] WebSocket соединение закрыто
2025-02-27 15:41:48,000 [ERROR] WebSocket ошибка: [WinError 10061] Подключение не установлено, т.к. конечный компьютер отверг запрос на подключение
2025-02-27 15:41:48,000 [ERROR] WebSocket ошибка: [WinError 10061] Подключение не установлено, т.к. конечный компьютер отверг запрос на подключение
2025-02-27 15:41:48,001 [ERROR] [WinError 10061] Подключение не установлено, т.к. конечный компьютер отверг запрос на подключение - goodbye
2025-02-27 15:41:48,002 [ERROR] [WinError 10061] Подключение не установлено, т.к. конечный компьютер отверг запрос на подключение - goodbye
2025-02-27 15:41:48,003 [INFO] WebSocket соединение закрыто
2025-02-27 15:41:48,003 [INFO] WebSocket соединение закрыто
2025-02-27 15:41:55,021 [ERROR] WebSocket ошибка: [WinError 10061] Подключение не установлено, т.к. конечный компьютер отверг запрос на подключение
2025-02-27 15:41:55,021 [ERROR] WebSocket ошибка: [WinError 10061] Подключение не установлено, т.к. конечный компьютер отверг запрос на подключение
2025-02-27 15:41:55,021 [ERROR] [WinError 10061] Подключение не установлено, т.к. конечный компьютер отверг запрос на подключение - goodbye
2025-02-27 15:41:55,022 [ERROR] [WinError 10061] Подключение не установлено, т.к. конечный компьютер отверг запрос на подключение - goodbye
2025-02-27 15:41:55,022 [INFO] WebSocket соединение закрыто
2025-02-27 15:41:55,022 [INFO] WebSocket соединение закрыто
2025-02-27 15:42:02,048 [ERROR] WebSocket ошибка: [WinError 10061] Подключение не установлено, т.к. конечный компьютер отверг запрос на подключение
2025-02-27 15:42:02,049 [ERROR] [WinError 10061] Подключение не установлено, т.к. конечный компьютер отверг запрос на подключение - goodbye
2025-02-27 15:42:02,049 [ERROR] [WinError 10061] Подключение не установлено, т.к. конечный компьютер отверг запрос на подключение - goodbye
2025-02-27 15:42:02,049 [INFO] WebSocket соединение закрыто
2025-02-27 15:42:02,050 [INFO] WebSocket соединение закрыто
2025-02-27 15:42:09,096 [ERROR] WebSocket ошибка: [WinError 10061] Подключение не установлено, т.к. конечный компьютер отверг запрос на подключение
2025-02-27 15:42:09,096 [ERROR] WebSocket ошибка: [WinError 10061] Подключение не установлено, т.к. конечный компьютер отверг запрос на подключение
2025-02-27 15:42:09,098 [ERROR] [WinError 10061] Подключение не установлено, т.к. конечный компьютер отверг запрос на подключение - goodbye
2025-02-27 15:42:09,100 [ERROR] [WinError 10061] Подключение не установлено, т.к. конечный компьютер отверг запрос на подключение - goodbye
2025-02-27 15:42:09,101 [INFO] WebSocket соединение закрыто
2025-02-27 15:42:09,102 [INFO] WebSocket соединение закрыто
2025-02-27 15:42:16,145 [ERROR] WebSocket ошибка: [WinError 10061] Подключение не установлено, т.к. конечный компьютер отверг запрос на подключение
2025-02-27 15:42:16,147 [ERROR] [WinError 10061] Подключение не установлено, т.к. конечный компьютер отверг запрос на подключение - goodbye
2025-02-27 15:42:16,148 [ERROR] [WinError 10061] Подключение не установлено, т.к. конечный компьютер отверг запрос на подключение - goodbye
2025-02-27 15:42:16,149 [INFO] WebSocket соединение закрыто
2025-02-27 15:42:16,151 [INFO] WebSocket соединение закрыто
