2025-02-27 14:25:43,748 [INFO] Клиент запустился
2025-02-27 14:25:43,751 [INFO] Сервер доступен. Серверное время: 2025-02-27T11:25:43Z
2025-02-27 14:25:43,752 [INFO] Websocket connected
2025-02-27 14:25:43,752 [INFO] WebSocket соединение установлено
2025-02-27 14:25:44,115 [INFO] Получен публичный IP: 185.153.55.22
2025-02-27 14:25:44,116 [INFO] Получена команда: id:client-1
2025-02-27 14:25:47,443 [INFO] Получена команда: metrics
2025-02-27 14:25:47,692 [INFO] Метрики отправлены на сервер
2025-02-27 14:30:14,446 [ERROR] WebSocket ошибка: [WinError 10054] Удаленный хост принудительно разорвал существующее подключение
2025-02-27 14:30:14,446 [ERROR] [WinError 10054] Удаленный хост принудительно разорвал существующее подключение - goodbye
2025-02-27 14:30:14,446 [INFO] WebSocket соединение закрыто
2025-02-27 14:30:21,491 [ERROR] WebSocket ошибка: [WinError 10061] Подключение не установлено, т.к. конечный компьютер отверг запрос на подключение
2025-02-27 14:30:21,491 [ERROR] [WinError 10061] Подключение не установлено, т.к. конечный компьютер отверг запрос на подключение - goodbye
2025-02-27 14:30:21,491 [INFO] WebSocket соединение закрыто
2025-02-27 14:30:28,538 [ERROR] WebSocket ошибка: [WinError 10061] Подключение не установлено, т.к. конечный компьютер отверг запрос на подключение
2025-02-27 14:30:28,538 [ERROR] [WinError 10061] Подключение не установлено, т.к. конечный компьютер отверг запрос на подключение - goodbye
2025-02-27 14:30:28,538 [INFO] WebSocket соединение закрыто
2025-02-27 14:30:35,569 [ERROR] WebSocket ошибка: [WinError 10061] Подключение не установлено, т.к. конечный компьютер отверг запрос на подключение
2025-02-27 14:30:35,569 [ERROR] [WinError 10061] Подключение не установлено, т.к. конечный компьютер отверг запрос на подключение - goodbye
2025-02-27 14:30:35,569 [INFO] WebSocket соединение закрыто
2025-02-27 14:30:42,616 [ERROR] WebSocket ошибка: [WinError 10061] Подключение не установлено, т.к. конечный компьютер отверг запрос на подключение
2025-02-27 14:30:42,616 [ERROR] [WinError 10061] Подключение не установлено, т.к. конечный компьютер отверг запрос на подключение - goodbye
2025-02-27 14:30:42,616 [INFO] WebSocket соединение закрыто
